2021-11-01 10:50:17 [main]  INFO u.l.l.p.PeriodicalsApplication - Starting PeriodicalsApplication using Java 15.0.1 on DESKTOP-EC73OSQ with PID 8072 (D:\Zenyk\Java\eclipse-workspace\JA-Project\periodicals\target\classes started by livch in D:\Zenyk\Java\eclipse-workspace\JA-Project\periodicals)
2021-11-01 10:50:17 [main] DEBUG u.l.l.p.PeriodicalsApplication - Running with Spring Boot v2.5.4, Spring v5.3.9
2021-11-01 10:50:17 [main]  INFO u.l.l.p.PeriodicalsApplication - No active profile set, falling back to default profiles: default
2021-11-01 10:50:19 [main]  INFO o.s.d.r.c.RepositoryConfigurationDelegate - Bootstrapping Spring Data JPA repositories in DEFAULT mode.
2021-11-01 10:50:19 [main]  INFO o.s.d.r.c.RepositoryConfigurationDelegate - Finished Spring Data repository scanning in 132 ms. Found 3 JPA repository interfaces.
2021-11-01 10:50:21 [main]  INFO o.s.b.w.e.tomcat.TomcatWebServer - Tomcat initialized with port(s): 8080 (http)
2021-11-01 10:50:21 [main]  INFO o.a.catalina.core.StandardService - Starting service [Tomcat]
2021-11-01 10:50:21 [main]  INFO o.a.catalina.core.StandardEngine - Starting Servlet engine: [Apache Tomcat/9.0.52]
2021-11-01 10:50:22 [main]  INFO org.apache.jasper.servlet.TldScanner - At least one JAR was scanned for TLDs yet contained no TLDs. Enable debug logging for this logger for a complete list of JARs that were scanned but no TLDs were found in them. Skipping unneeded JARs during scanning can improve startup time and JSP compilation time.
2021-11-01 10:50:22 [main]  INFO o.a.c.c.C.[Tomcat].[localhost].[/] - Initializing Spring embedded WebApplicationContext
2021-11-01 10:50:22 [main]  INFO o.s.b.w.s.c.ServletWebServerApplicationContext - Root WebApplicationContext: initialization completed in 4319 ms
2021-11-01 10:50:22 [main]  INFO o.h.jpa.internal.util.LogHelper - HHH000204: Processing PersistenceUnitInfo [name: default]
2021-11-01 10:50:22 [main]  INFO org.hibernate.Version - HHH000412: Hibernate ORM core version 5.4.32.Final
2021-11-01 10:50:23 [main]  INFO o.h.annotations.common.Version - HCANN000001: Hibernate Commons Annotations {5.1.2.Final}
2021-11-01 10:50:24 [main]  INFO com.zaxxer.hikari.HikariDataSource - HikariPool-1 - Starting...
2021-11-01 10:50:26 [main]  INFO com.zaxxer.hikari.HikariDataSource - HikariPool-1 - Start completed.
2021-11-01 10:50:26 [main]  INFO org.hibernate.dialect.Dialect - HHH000400: Using dialect: org.hibernate.dialect.MySQL8Dialect
2021-11-01 10:50:28 [main]  INFO o.h.e.t.j.p.i.JtaPlatformInitiator - HHH000490: Using JtaPlatform implementation: [org.hibernate.engine.transaction.jta.platform.internal.NoJtaPlatform]
2021-11-01 10:50:28 [main]  INFO o.s.o.j.LocalContainerEntityManagerFactoryBean - Initialized JPA EntityManagerFactory for persistence unit 'default'
2021-11-01 10:50:28 [main]  WARN o.s.b.a.o.j.JpaBaseConfiguration$JpaWebConfiguration - spring.jpa.open-in-view is enabled by default. Therefore, database queries may be performed during view rendering. Explicitly configure spring.jpa.open-in-view to disable this warning
2021-11-01 10:50:31 [main]  INFO o.s.s.web.DefaultSecurityFilterChain - Will secure any request with [org.springframework.security.web.context.request.async.WebAsyncManagerIntegrationFilter@1ba98508, org.springframework.security.web.context.SecurityContextPersistenceFilter@1a05ff8e, org.springframework.security.web.header.HeaderWriterFilter@5644f664, org.springframework.security.web.csrf.CsrfFilter@62525dd3, org.springframework.security.web.authentication.logout.LogoutFilter@3fc051ce, org.springframework.security.web.authentication.UsernamePasswordAuthenticationFilter@5ef7ae2f, org.springframework.security.web.savedrequest.RequestCacheAwareFilter@1abea1ed, org.springframework.security.web.servletapi.SecurityContextHolderAwareRequestFilter@2bb84aa5, org.springframework.security.web.authentication.AnonymousAuthenticationFilter@4b552b13, org.springframework.security.web.session.SessionManagementFilter@27f31d91, org.springframework.security.web.access.ExceptionTranslationFilter@4965454c, org.springframework.security.web.access.intercept.FilterSecurityInterceptor@15fd3088]
2021-11-01 10:50:33 [main]  INFO o.s.b.w.e.tomcat.TomcatWebServer - Tomcat started on port(s): 8080 (http) with context path ''
2021-11-01 10:50:33 [main]  INFO u.l.l.p.PeriodicalsApplication - Started PeriodicalsApplication in 16.149 seconds (JVM running for 17.191)
2021-11-01 11:00:50 [main]  INFO u.l.l.p.PeriodicalsApplication - Starting PeriodicalsApplication using Java 15.0.1 on DESKTOP-EC73OSQ with PID 8176 (D:\Zenyk\Java\eclipse-workspace\JA-Project\periodicals\target\classes started by livch in D:\Zenyk\Java\eclipse-workspace\JA-Project\periodicals)
2021-11-01 11:00:50 [main] DEBUG u.l.l.p.PeriodicalsApplication - Running with Spring Boot v2.5.4, Spring v5.3.9
2021-11-01 11:00:50 [main]  INFO u.l.l.p.PeriodicalsApplication - No active profile set, falling back to default profiles: default
2021-11-01 11:00:52 [main]  INFO o.s.d.r.c.RepositoryConfigurationDelegate - Bootstrapping Spring Data JPA repositories in DEFAULT mode.
2021-11-01 11:00:52 [main]  INFO o.s.d.r.c.RepositoryConfigurationDelegate - Finished Spring Data repository scanning in 138 ms. Found 3 JPA repository interfaces.
2021-11-01 11:00:53 [main]  INFO o.s.b.w.e.tomcat.TomcatWebServer - Tomcat initialized with port(s): 8080 (http)
2021-11-01 11:00:53 [main]  INFO o.a.catalina.core.StandardService - Starting service [Tomcat]
2021-11-01 11:00:53 [main]  INFO o.a.catalina.core.StandardEngine - Starting Servlet engine: [Apache Tomcat/9.0.52]
2021-11-01 11:00:54 [main]  INFO org.apache.jasper.servlet.TldScanner - At least one JAR was scanned for TLDs yet contained no TLDs. Enable debug logging for this logger for a complete list of JARs that were scanned but no TLDs were found in them. Skipping unneeded JARs during scanning can improve startup time and JSP compilation time.
2021-11-01 11:00:54 [main]  INFO o.a.c.c.C.[Tomcat].[localhost].[/] - Initializing Spring embedded WebApplicationContext
2021-11-01 11:00:54 [main]  INFO o.s.b.w.s.c.ServletWebServerApplicationContext - Root WebApplicationContext: initialization completed in 4089 ms
2021-11-01 11:00:54 [main]  INFO o.h.jpa.internal.util.LogHelper - HHH000204: Processing PersistenceUnitInfo [name: default]
2021-11-01 11:00:55 [main]  INFO org.hibernate.Version - HHH000412: Hibernate ORM core version 5.4.32.Final
2021-11-01 11:00:55 [main]  INFO o.h.annotations.common.Version - HCANN000001: Hibernate Commons Annotations {5.1.2.Final}
2021-11-01 11:00:55 [main]  INFO com.zaxxer.hikari.HikariDataSource - HikariPool-1 - Starting...
2021-11-01 11:00:56 [main]  INFO com.zaxxer.hikari.HikariDataSource - HikariPool-1 - Start completed.
2021-11-01 11:00:56 [main]  INFO org.hibernate.dialect.Dialect - HHH000400: Using dialect: org.hibernate.dialect.MySQL8Dialect
2021-11-01 11:00:58 [main]  INFO o.h.e.t.j.p.i.JtaPlatformInitiator - HHH000490: Using JtaPlatform implementation: [org.hibernate.engine.transaction.jta.platform.internal.NoJtaPlatform]
2021-11-01 11:00:58 [main]  INFO o.s.o.j.LocalContainerEntityManagerFactoryBean - Initialized JPA EntityManagerFactory for persistence unit 'default'
2021-11-01 11:00:58 [main]  WARN o.s.b.a.o.j.JpaBaseConfiguration$JpaWebConfiguration - spring.jpa.open-in-view is enabled by default. Therefore, database queries may be performed during view rendering. Explicitly configure spring.jpa.open-in-view to disable this warning
2021-11-01 11:01:00 [main]  INFO o.s.s.web.DefaultSecurityFilterChain - Will secure any request with [org.springframework.security.web.context.request.async.WebAsyncManagerIntegrationFilter@510bd87a, org.springframework.security.web.context.SecurityContextPersistenceFilter@3407ded1, org.springframework.security.web.header.HeaderWriterFilter@2bb84aa5, org.springframework.security.web.csrf.CsrfFilter@23ee92df, org.springframework.security.web.authentication.logout.LogoutFilter@4e1104f4, org.springframework.security.web.authentication.UsernamePasswordAuthenticationFilter@583b4af4, org.springframework.security.web.savedrequest.RequestCacheAwareFilter@10ae002e, org.springframework.security.web.servletapi.SecurityContextHolderAwareRequestFilter@6d8096ee, org.springframework.security.web.authentication.AnonymousAuthenticationFilter@3d213a2b, org.springframework.security.web.session.SessionManagementFilter@52d434c1, org.springframework.security.web.access.ExceptionTranslationFilter@37b5a51c, org.springframework.security.web.access.intercept.FilterSecurityInterceptor@691a5c3a]
2021-11-01 11:01:01 [main]  INFO o.s.b.w.e.tomcat.TomcatWebServer - Tomcat started on port(s): 8080 (http) with context path ''
2021-11-01 11:01:01 [main]  INFO u.l.l.p.PeriodicalsApplication - Started PeriodicalsApplication in 12.083 seconds (JVM running for 13.182)
2021-11-01 11:01:04 [http-nio-8080-exec-1]  INFO o.a.c.c.C.[Tomcat].[localhost].[/] - Initializing Spring DispatcherServlet 'dispatcherServlet'
2021-11-01 11:22:22 [main]  INFO u.l.l.p.PeriodicalsApplication - Starting PeriodicalsApplication using Java 15.0.1 on DESKTOP-EC73OSQ with PID 11980 (D:\Zenyk\Java\eclipse-workspace\JA-Project\periodicals\target\classes started by livch in D:\Zenyk\Java\eclipse-workspace\JA-Project\periodicals)
2021-11-01 11:22:22 [main] DEBUG u.l.l.p.PeriodicalsApplication - Running with Spring Boot v2.5.4, Spring v5.3.9
2021-11-01 11:22:22 [main]  INFO u.l.l.p.PeriodicalsApplication - No active profile set, falling back to default profiles: default
2021-11-01 11:22:24 [main]  INFO o.s.d.r.c.RepositoryConfigurationDelegate - Bootstrapping Spring Data JPA repositories in DEFAULT mode.
2021-11-01 11:22:25 [main]  INFO o.s.d.r.c.RepositoryConfigurationDelegate - Finished Spring Data repository scanning in 162 ms. Found 3 JPA repository interfaces.
2021-11-01 11:22:26 [main]  INFO o.s.b.w.e.tomcat.TomcatWebServer - Tomcat initialized with port(s): 8080 (http)
2021-11-01 11:22:26 [main]  INFO o.a.catalina.core.StandardService - Starting service [Tomcat]
2021-11-01 11:22:26 [main]  INFO o.a.catalina.core.StandardEngine - Starting Servlet engine: [Apache Tomcat/9.0.52]
2021-11-01 11:22:27 [main]  INFO org.apache.jasper.servlet.TldScanner - At least one JAR was scanned for TLDs yet contained no TLDs. Enable debug logging for this logger for a complete list of JARs that were scanned but no TLDs were found in them. Skipping unneeded JARs during scanning can improve startup time and JSP compilation time.
2021-11-01 11:22:27 [main]  INFO o.a.c.c.C.[Tomcat].[localhost].[/] - Initializing Spring embedded WebApplicationContext
2021-11-01 11:22:27 [main]  INFO o.s.b.w.s.c.ServletWebServerApplicationContext - Root WebApplicationContext: initialization completed in 5207 ms
2021-11-01 11:22:28 [main]  INFO o.h.jpa.internal.util.LogHelper - HHH000204: Processing PersistenceUnitInfo [name: default]
2021-11-01 11:22:28 [main]  INFO org.hibernate.Version - HHH000412: Hibernate ORM core version 5.4.32.Final
2021-11-01 11:22:29 [main]  INFO o.h.annotations.common.Version - HCANN000001: Hibernate Commons Annotations {5.1.2.Final}
2021-11-01 11:22:29 [main]  INFO com.zaxxer.hikari.HikariDataSource - HikariPool-1 - Starting...
2021-11-01 11:22:30 [main]  INFO com.zaxxer.hikari.HikariDataSource - HikariPool-1 - Start completed.
2021-11-01 11:22:30 [main]  INFO org.hibernate.dialect.Dialect - HHH000400: Using dialect: org.hibernate.dialect.MySQL8Dialect
2021-11-01 11:22:32 [main]  INFO o.h.e.t.j.p.i.JtaPlatformInitiator - HHH000490: Using JtaPlatform implementation: [org.hibernate.engine.transaction.jta.platform.internal.NoJtaPlatform]
2021-11-01 11:22:32 [main]  INFO o.s.o.j.LocalContainerEntityManagerFactoryBean - Initialized JPA EntityManagerFactory for persistence unit 'default'
2021-11-01 11:22:32 [main]  WARN o.s.b.a.o.j.JpaBaseConfiguration$JpaWebConfiguration - spring.jpa.open-in-view is enabled by default. Therefore, database queries may be performed during view rendering. Explicitly configure spring.jpa.open-in-view to disable this warning
2021-11-01 11:22:35 [main]  INFO o.s.s.web.DefaultSecurityFilterChain - Will secure any request with [org.springframework.security.web.context.request.async.WebAsyncManagerIntegrationFilter@5570dc21, org.springframework.security.web.context.SecurityContextPersistenceFilter@5a9ef32e, org.springframework.security.web.header.HeaderWriterFilter@1a05ff8e, org.springframework.security.web.csrf.CsrfFilter@18301763, org.springframework.security.web.authentication.logout.LogoutFilter@180fb796, org.springframework.security.web.authentication.UsernamePasswordAuthenticationFilter@1ba98508, org.springframework.security.web.savedrequest.RequestCacheAwareFilter@61f08aa9, org.springframework.security.web.servletapi.SecurityContextHolderAwareRequestFilter@3407ded1, org.springframework.security.web.authentication.AnonymousAuthenticationFilter@1477d4e6, org.springframework.security.web.session.SessionManagementFilter@1abea1ed, org.springframework.security.web.access.ExceptionTranslationFilter@27f31d91, org.springframework.security.web.access.intercept.FilterSecurityInterceptor@1bcf2c64]
2021-11-01 11:22:36 [main]  INFO o.s.b.w.e.tomcat.TomcatWebServer - Tomcat started on port(s): 8080 (http) with context path ''
2021-11-01 11:22:36 [main]  INFO u.l.l.p.PeriodicalsApplication - Started PeriodicalsApplication in 15.342 seconds (JVM running for 16.562)
2021-11-01 11:26:02 [http-nio-8080-exec-1]  INFO o.a.c.c.C.[Tomcat].[localhost].[/] - Initializing Spring DispatcherServlet 'dispatcherServlet'
2021-11-01 11:26:13 [http-nio-8080-exec-8] DEBUG u.l.l.p.service.PeriodicalsService - Get all periodicals items
2021-11-01 11:26:28 [http-nio-8080-exec-7] DEBUG u.l.l.p.service.BucketService - Get all buckets items
2021-11-01 11:26:31 [http-nio-8080-exec-2] DEBUG u.l.l.p.service.BucketService - Delete bucket item {}Bucket [id=29, user=User [id=4, email=user@gmail.com, firstName=user, lastName=user, role=ROLE_USER, password=$2a$10$D06LjYs9rUvzCRgHu7Ji5.zssv3h9L7d/edqKCqYnvOork1VZqdiG], periodical=Periodical [id=19, name=Mitsubishi, description=1, price=5.5], purchaseDate=2021-11-01 11:01:26.602]
2021-11-01 11:26:32 [http-nio-8080-exec-2] DEBUG u.l.l.p.service.BucketService - Get all buckets items
2021-11-01 11:26:38 [http-nio-8080-exec-7] DEBUG u.l.l.p.service.PeriodicalsService - Get all periodicals items
2021-11-01 11:26:45 [http-nio-8080-exec-10] DEBUG u.l.l.p.service.PeriodicalsService - Get all periodicals items
2021-11-01 11:33:00 [main]  INFO u.l.l.p.PeriodicalsApplication - Starting PeriodicalsApplication using Java 15.0.1 on DESKTOP-EC73OSQ with PID 11092 (D:\Zenyk\Java\eclipse-workspace\JA-Project\periodicals\target\classes started by livch in D:\Zenyk\Java\eclipse-workspace\JA-Project\periodicals)
2021-11-01 11:33:00 [main] DEBUG u.l.l.p.PeriodicalsApplication - Running with Spring Boot v2.5.4, Spring v5.3.9
2021-11-01 11:33:00 [main]  INFO u.l.l.p.PeriodicalsApplication - No active profile set, falling back to default profiles: default
2021-11-01 11:33:02 [main]  INFO o.s.d.r.c.RepositoryConfigurationDelegate - Bootstrapping Spring Data JPA repositories in DEFAULT mode.
2021-11-01 11:33:02 [main]  INFO o.s.d.r.c.RepositoryConfigurationDelegate - Finished Spring Data repository scanning in 128 ms. Found 3 JPA repository interfaces.
2021-11-01 11:33:03 [main]  INFO o.s.b.w.e.tomcat.TomcatWebServer - Tomcat initialized with port(s): 8080 (http)
2021-11-01 11:33:03 [main]  INFO o.a.catalina.core.StandardService - Starting service [Tomcat]
2021-11-01 11:33:03 [main]  INFO o.a.catalina.core.StandardEngine - Starting Servlet engine: [Apache Tomcat/9.0.52]
2021-11-01 11:33:04 [main]  INFO org.apache.jasper.servlet.TldScanner - At least one JAR was scanned for TLDs yet contained no TLDs. Enable debug logging for this logger for a complete list of JARs that were scanned but no TLDs were found in them. Skipping unneeded JARs during scanning can improve startup time and JSP compilation time.
2021-11-01 11:33:04 [main]  INFO o.a.c.c.C.[Tomcat].[localhost].[/] - Initializing Spring embedded WebApplicationContext
2021-11-01 11:33:04 [main]  INFO o.s.b.w.s.c.ServletWebServerApplicationContext - Root WebApplicationContext: initialization completed in 4162 ms
2021-11-01 11:33:05 [main]  INFO o.h.jpa.internal.util.LogHelper - HHH000204: Processing PersistenceUnitInfo [name: default]
2021-11-01 11:33:05 [main]  INFO org.hibernate.Version - HHH000412: Hibernate ORM core version 5.4.32.Final
2021-11-01 11:33:05 [main]  INFO o.h.annotations.common.Version - HCANN000001: Hibernate Commons Annotations {5.1.2.Final}
2021-11-01 11:33:05 [main]  INFO com.zaxxer.hikari.HikariDataSource - HikariPool-1 - Starting...
2021-11-01 11:33:06 [main]  INFO com.zaxxer.hikari.HikariDataSource - HikariPool-1 - Start completed.
2021-11-01 11:33:06 [main]  INFO org.hibernate.dialect.Dialect - HHH000400: Using dialect: org.hibernate.dialect.MySQL8Dialect
2021-11-01 11:33:08 [main]  INFO o.h.e.t.j.p.i.JtaPlatformInitiator - HHH000490: Using JtaPlatform implementation: [org.hibernate.engine.transaction.jta.platform.internal.NoJtaPlatform]
2021-11-01 11:33:08 [main]  INFO o.s.o.j.LocalContainerEntityManagerFactoryBean - Initialized JPA EntityManagerFactory for persistence unit 'default'
2021-11-01 11:33:08 [main]  WARN o.s.b.a.o.j.JpaBaseConfiguration$JpaWebConfiguration - spring.jpa.open-in-view is enabled by default. Therefore, database queries may be performed during view rendering. Explicitly configure spring.jpa.open-in-view to disable this warning
2021-11-01 11:33:10 [main]  INFO o.s.s.web.DefaultSecurityFilterChain - Will secure any request with [org.springframework.security.web.context.request.async.WebAsyncManagerIntegrationFilter@510bd87a, org.springframework.security.web.context.SecurityContextPersistenceFilter@3407ded1, org.springframework.security.web.header.HeaderWriterFilter@2bb84aa5, org.springframework.security.web.csrf.CsrfFilter@23ee92df, org.springframework.security.web.authentication.logout.LogoutFilter@4e1104f4, org.springframework.security.web.authentication.UsernamePasswordAuthenticationFilter@583b4af4, org.springframework.security.web.savedrequest.RequestCacheAwareFilter@10ae002e, org.springframework.security.web.servletapi.SecurityContextHolderAwareRequestFilter@6d8096ee, org.springframework.security.web.authentication.AnonymousAuthenticationFilter@3d213a2b, org.springframework.security.web.session.SessionManagementFilter@52d434c1, org.springframework.security.web.access.ExceptionTranslationFilter@37b5a51c, org.springframework.security.web.access.intercept.FilterSecurityInterceptor@691a5c3a]
2021-11-01 11:33:11 [main]  INFO o.s.b.w.e.tomcat.TomcatWebServer - Tomcat started on port(s): 8080 (http) with context path ''
2021-11-01 11:33:11 [main]  INFO u.l.l.p.PeriodicalsApplication - Started PeriodicalsApplication in 11.922 seconds (JVM running for 12.951)
2021-11-01 11:33:12 [http-nio-8080-exec-1]  INFO o.a.c.c.C.[Tomcat].[localhost].[/] - Initializing Spring DispatcherServlet 'dispatcherServlet'
2021-11-01 11:33:18 [http-nio-8080-exec-8]  INFO u.l.l.p.service.PeriodicalsService - Get all periodicals items
2021-11-01 11:40:44 [http-nio-8080-exec-5]  INFO u.l.l.p.service.PeriodicalsService - Get periodical item by id:18
2021-11-01 11:40:44 [http-nio-8080-exec-5]  INFO u.l.l.p.service.UserService - Get user {} by email: user@gmail.com
2021-11-01 11:40:44 [http-nio-8080-exec-5]  INFO u.l.l.p.service.BucketService - Create new bucket item {}: Bucket [id=null, user=User [id=4, email=user@gmail.com, firstName=user, lastName=user, role=ROLE_USER, password=$2a$10$D06LjYs9rUvzCRgHu7Ji5.zssv3h9L7d/edqKCqYnvOork1VZqdiG], periodical=Periodical [id=18, name=Mitsubishi, description=xl, price=100.0], purchaseDate=Mon Nov 01 11:40:44 EET 2021]
2021-11-01 11:40:44 [http-nio-8080-exec-5]  INFO u.l.l.p.service.BucketService - Get all buckets items
2021-11-01 11:40:49 [http-nio-8080-exec-10]  INFO u.l.l.p.service.BucketService - Delete bucket item {} :Bucket [id=30, user=User [id=4, email=user@gmail.com, firstName=user, lastName=user, role=ROLE_USER, password=$2a$10$D06LjYs9rUvzCRgHu7Ji5.zssv3h9L7d/edqKCqYnvOork1VZqdiG], periodical=Periodical [id=18, name=Mitsubishi, description=xl, price=100.0], purchaseDate=2021-11-01 11:40:44.295]
2021-11-01 11:40:49 [http-nio-8080-exec-10]  INFO u.l.l.p.service.BucketService - Get all buckets items
2021-11-01 11:41:04 [http-nio-8080-exec-4]  INFO u.l.l.p.service.PeriodicalsService - Get all periodicals items
